Base path: /Applications/Unity 5.1.3f1/Unity.app/Contents
Pipe name: \\.\pipe\UnityShaderCompiler-64bit-1-2005840640
Cmd: getPlatforms
Cmd: preprocess
  insize=4495 outsize=1467 ok=1
Cmd: compileSnippet
  api=0 type=0 insize=3339 outsize=829 kw= ok=1
Cmd: compileSnippet
  api=0 type=1 insize=3339 outsize=6 kw= ok=1
Cmd: preprocess
  insize=2515 outsize=1537 ok=1
Cmd: compileSnippet
  api=0 type=0 insize=1281 outsize=1092 kw= ok=1
Cmd: compileSnippet
  api=0 type=1 insize=1281 outsize=6 kw= ok=1
Cmd: preprocess
  insize=2684 outsize=1461 ok=1
Cmd: compileSnippet
  api=0 type=0 insize=1526 outsize=1555 kw= ok=1
Cmd: compileSnippet
  api=0 type=1 insize=1526 outsize=6 kw= ok=1
Cmd: compileSnippet
  api=0 type=0 insize=3339 outsize=2232 kw=AXIAL_SAMPLE_HIGH ok=1
Cmd: compileSnippet
  api=0 type=1 insize=3339 outsize=6 kw=AXIAL_SAMPLE_HIGH ok=1
Cmd: preprocess
  insize=987 outsize=1269 ok=1
Cmd: compileSnippet
  api=0 type=0 insize=7446 outsize=8563 kw=DIRECTIONAL SHADOWS_OFF LIGHTMAP_OFF DIRLIGHTMAP_OFF DYNAMICLIGHTMAP_OFF ok=1
Cmd: compileSnippet
  api=0 type=1 insize=7446 outsize=6 kw=DIRECTIONAL SHADOWS_OFF LIGHTMAP_OFF DIRLIGHTMAP_OFF DYNAMICLIGHTMAP_OFF ok=1
Cmd: compileSnippet
  api=0 type=0 insize=4255 outsize=3883 kw=POINT SHADOWS_OFF ok=1
Cmd: compileSnippet
  api=0 type=1 insize=4255 outsize=6 kw=POINT SHADOWS_OFF ok=1
Cmd: compileSnippet
  api=0 type=0 insize=6564 outsize=7284 kw=LIGHTMAP_OFF DIRLIGHTMAP_OFF DYNAMICLIGHTMAP_OFF HDR_LIGHT_PREPASS_OFF ok=1
Cmd: compileSnippet
  api=0 type=1 insize=6564 outsize=6 kw=LIGHTMAP_OFF DIRLIGHTMAP_OFF DYNAMICLIGHTMAP_OFF HDR_LIGHT_PREPASS_OFF ok=1
Cmd: compileSnippet
  api=0 type=0 insize=3508 outsize=2381 kw= ok=1
Cmd: compileSnippet
  api=0 type=1 insize=3508 outsize=6 kw= ok=1
Cmd: preprocess
  insize=1051 outsize=321 ok=1
Cmd: compileSnippet
  api=0 type=0 insize=1027 outsize=510 kw= ok=1
Cmd: compileSnippet
  api=0 type=1 insize=1027 outsize=6 kw= ok=1
Cmd: preprocess
  insize=1051 outsize=321 ok=1
Cmd: preprocess
  insize=987 outsize=1269 ok=1
Cmd: compileSnippet
  api=0 type=0 insize=541 outsize=1893 kw=SHADOWS_DEPTH ok=1
Cmd: compileSnippet
  api=0 type=1 insize=541 outsize=6 kw=SHADOWS_DEPTH ok=1
Cmd: preprocess
  insize=1537 outsize=321 ok=1
Cmd: compileSnippet
  error: 2 plat 0 at (35): 'i' : undeclared identifier; 'scr_pos' : illegal vector field selection; 'xy' : vector field selection out of range; 'scr_pos' : illegal vector field selection; 'w' : vector field selection out of range\nCompiling Vertex program
  error: 2 plat 0 at (41): 'color' : undeclared identifier\nCompiling Vertex program
  error: 2 plat 0 at (42): 'g' : vector field selection out of range\nCompiling Vertex program
  error: 2 plat 0 at (43): 'b' : vector field selection out of range\nCompiling Vertex program
  error: 2 plat 0 at (44): '' : unsupported construction; 'return' : function return is not matching type:\nCompiling Vertex program
  api=0 type=0 insize=1513 outsize=0 kw= ok=0
Cmd: preprocess
  insize=1704 outsize=321 ok=1
Cmd: compileSnippet
  error: 2 plat 0 at (26): '=' : syntax error syntax error\nCompiling Vertex program
  api=0 type=0 insize=1680 outsize=0 kw= ok=0
Cmd: preprocess
  insize=1738 outsize=320 ok=1
Cmd: compileSnippet
  error: 2 plat 0 at (27): '=' : syntax error syntax error\nCompiling Vertex program
  api=0 type=0 insize=1714 outsize=0 kw= ok=0
Cmd: preprocess
  insize=1747 outsize=321 ok=1
Cmd: compileSnippet
  error: 2 plat 0 at (27): '=' : syntax error syntax error\nCompiling Vertex program
  api=0 type=0 insize=1723 outsize=0 kw= ok=0
Cmd: preprocess
  insize=1747 outsize=321 ok=1
Cmd: compileSnippet
  error: 2 plat 0 at (27): '=' : syntax error syntax error\nCompiling Vertex program
  api=0 type=0 insize=1723 outsize=0 kw= ok=0
Cmd: preprocess
  insize=1149 outsize=321 ok=1
Cmd: compileSnippet
  api=0 type=0 insize=1125 outsize=848 kw= ok=1
Cmd: compileSnippet
  api=0 type=1 insize=1125 outsize=6 kw= ok=1
Cmd: preprocess
  insize=1129 outsize=327 ok=1
Cmd: compileSnippet
  api=0 type=0 insize=1100 outsize=5333 kw= ok=1
Cmd: compileSnippet
  api=0 type=1 insize=1100 outsize=6 kw= ok=1
Cmd: compileSnippet
  api=0 type=0 insize=6810 outsize=2300 kw=DIRECTIONAL SHADOWS_OFF LIGHTMAP_OFF DIRLIGHTMAP_OFF DYNAMICLIGHTMAP_OFF ok=1
Cmd: compileSnippet
  api=0 type=1 insize=6810 outsize=6 kw=DIRECTIONAL SHADOWS_OFF LIGHTMAP_OFF DIRLIGHTMAP_OFF DYNAMICLIGHTMAP_OFF ok=1
Cmd: compileSnippet
  api=0 type=0 insize=3647 outsize=1820 kw=POINT ok=1
Cmd: compileSnippet
  api=0 type=1 insize=3647 outsize=6 kw=POINT ok=1
Cmd: compileSnippet
  api=0 type=0 insize=2805 outsize=978 kw= ok=1
Cmd: compileSnippet
  api=0 type=1 insize=2805 outsize=6 kw= ok=1
Cmd: compileSnippet
  api=0 type=0 insize=5995 outsize=2688 kw=LIGHTMAP_OFF DIRLIGHTMAP_OFF DYNAMICLIGHTMAP_OFF HDR_LIGHT_PREPASS_OFF ok=1
Cmd: compileSnippet
  api=0 type=1 insize=5995 outsize=6 kw=LIGHTMAP_OFF DIRLIGHTMAP_OFF DYNAMICLIGHTMAP_OFF HDR_LIGHT_PREPASS_OFF ok=1
Cmd: compileSnippet
  api=0 type=0 insize=5928 outsize=2645 kw=LIGHTMAP_OFF DIRLIGHTMAP_OFF DYNAMICLIGHTMAP_OFF HDR_LIGHT_PREPASS_OFF ok=1
Cmd: compileSnippet
  api=0 type=1 insize=5928 outsize=6 kw=LIGHTMAP_OFF DIRLIGHTMAP_OFF DYNAMICLIGHTMAP_OFF HDR_LIGHT_PREPASS_OFF ok=1
Cmd: compileSnippet
  api=0 type=0 insize=2996 outsize=2381 kw= ok=1
Cmd: compileSnippet
  api=0 type=1 insize=2996 outsize=6 kw= ok=1
Cmd: preprocess
  insize=1240 outsize=329 ok=1
Cmd: compileSnippet
  api=0 type=0 insize=1210 outsize=1366 kw= ok=1
Cmd: compileSnippet
  api=0 type=1 insize=1210 outsize=6 kw= ok=1
